app/build/outputs/logs/manifest-merger-debug-report.txt
-- Merging decision tree log ---
manifest
ADDED from src/main/AndroidManifest.xml:16:1-40:12
	package
		ADDED from src/main/AndroidManifest.xml:16:70-103
		INJECTED from src/main/AndroidManifest.xml
		INJECTED from src/main/AndroidManifest.xml
	android:versionName
		ADDED from src/main/AndroidManifest.xml:16:129-156
		INJECTED from src/main/AndroidManifest.xml
		INJECTED from src/main/AndroidManifest.xml
	android:versionCode
		ADDED from src/main/AndroidManifest.xml:16:104-128
		INJECTED from src/main/AndroidManifest.xml
		INJECTED from src/main/AndroidManifest.xml
	xmlns:android
		ADDED from src/main/AndroidManifest.xml:16:11-69
uses-sdk
ADDED from src/main/AndroidManifest.xml:17:5-72
	android:targetSdkVersion
		ADDED from src/main/AndroidManifest.xml:17:15-44
		INJECTED from src/main/AndroidManifest.xml
		INJECTED from src/main/AndroidManifest.xml
	android:minSdkVersion
		ADDED from src/main/AndroidManifest.xml:17:45-70
		INJECTED from src/main/AndroidManifest.xml
		INJECTED from src/main/AndroidManifest.xml
uses-permission#android.permission.WRITE_EXTERNAL_STORAGE
ADDED from src/main/AndroidManifest.xml:18:5-80
	android:name
		ADDED from src/main/AndroidManifest.xml:18:22-78
supports-screens
ADDED from src/main/AndroidManifest.xml:19:5-50
	android:anyDensity
		ADDED from src/main/AndroidManifest.xml:19:23-48
uses-feature#android.hardware.touchscreen
ADDED from src/main/AndroidManifest.xml:22:5-89
	android:required
		ADDED from src/main/AndroidManifest.xml:22:63-87
	android:name
		ADDED from src/main/AndroidManifest.xml:22:19-62
application
ADDED from src/main/AndroidManifest.xml:24:5-39:19
	android:label
		ADDED from src/main/AndroidManifest.xml:24:18-50
	android:hardwareAccelerated
		ADDED from src/main/AndroidManifest.xml:24:115-149
	android:icon
		ADDED from src/main/AndroidManifest.xml:24:51-89
	android:largeHeap
		ADDED from src/main/AndroidManifest.xml:24:90-114
activity#com.google.android.apps.markers.MarkersActivity
ADDED from src/main/AndroidManifest.xml:25:9-38:20
	android:label
		ADDED from src/main/AndroidManifest.xml:25:82-114
	android:configChanges
		ADDED from src/main/AndroidManifest.xml:25:115-161
	android:theme
		ADDED from src/main/AndroidManifest.xml:26:13-71
	android:name
		ADDED from src/main/AndroidManifest.xml:25:19-81
intent-filter#android.intent.action.MAIN+android.intent.category.LAUNCHER
ADDED from src/main/AndroidManifest.xml:27:13-30:29
action#android.intent.action.MAIN
ADDED from src/main/AndroidManifest.xml:28:17-68
	android:name
		ADDED from src/main/AndroidManifest.xml:28:25-66
category#android.intent.category.LAUNCHER
ADDED from src/main/AndroidManifest.xml:29:17-76
	android:name
		ADDED from src/main/AndroidManifest.xml:29:27-74
intent-filter#android.intent.action.EDIT+android.intent.action.SEND+android.intent.category.DEFAULT
ADDED from src/main/AndroidManifest.xml:31:13-36:29
action#android.intent.action.EDIT
ADDED from src/main/AndroidManifest.xml:32:17-68
	android:name
		ADDED from src/main/AndroidManifest.xml:32:25-66
action#android.intent.action.SEND
ADDED from src/main/AndroidManifest.xml:33:17-68
	android:name
		ADDED from src/main/AndroidManifest.xml:33:25-66
data
ADDED from src/main/AndroidManifest.xml:34:17-51
	android:mimeType
		ADDED from src/main/AndroidManifest.xml:34:23-49
category#android.intent.category.DEFAULT
ADDED from src/main/AndroidManifest.xml:35:17-75
	android:name
		ADDED from src/main/AndroidManifest.xml:35:27-73